Restore Archived Project report for adder2
Tue Apr 11 21:23:11 2023
Quartus Prime Version 18.1.0 Build 625 09/12/2018 SJ Lite Edition


---------------------
; Table of Contents ;
---------------------
  1. Legal Notice
  2. Restore Archived Project Summary
  3. Restore Archived Project Messages
  4. Files Restored
  5. Files Not Restored



----------------
; Legal Notice ;
----------------
Copyright (C) 2018  Intel Corporation. All rights reserved.
Your use of Intel Corporation's design tools, logic functions 
and other software and tools, and its AMPP partner logic 
functions, and any output files from any of the foregoing 
(including device programming or simulation files), and any 
associated documentation or information are expressly subject 
to the terms and conditions of the Intel Program License 
Subscription Agreement, the Intel Quartus Prime License Agreement,
the Intel FPGA IP License Agreement, or other applicable license
agreement, including, without limitation, that your use is for
the sole purpose of programming logic devices manufactured by
Intel and sold by Intel or its authorized distributors.  Please
refer to the applicable agreement for further details.



+-------------------------------------------------------------------------+
; Restore Archived Project Summary                                        ;
+---------------------------------+---------------------------------------+
; Restore Archived Project Status ; Successful - Tue Apr 11 21:23:11 2023 ;
; Revision Name                   ; adder2                                ;
; Top-level Entity Name           ; lab7                                  ;
; Family                          ; MAX 10                                ;
+---------------------------------+---------------------------------------+


+-----------------------------------+
; Restore Archived Project Messages ;
+-----------------------------------+
Info: Successfully restored 'C:/Users/harig/OneDrive/Documents/385/lab7_2/lab7_1_tmp_archive.qar' into the 'C:/Users/harig/OneDrive/Documents/385/final/ECE385_FinalProject/final_project' directory
Info: Generated report 'adder2.restore.rpt'


+---------------------------------------------------------------------------------------------------------------------------------+
; Files Restored                                                                                                                  ;
+---------------------------------------------------------------------------------------------------------------------------------+
; File Name                                                                                                                       ;
+---------------------------------------------------------------------------------------------------------------------------------+
; qar_info.json                                                                                                                   ;
; Downloads/Lab 7 alt_material/VGA_controller.sv                                                                                  ;
; Downloads/Lab 7 alt_material/font_rom.sv                                                                                        ;
; Downloads/Lab 7 alt_material/lab7.sdc                                                                                           ;
; Downloads/Lab 7 alt_material/lab7.sv                                                                                            ;
; Downloads/Lab 7 alt_material/vga_text_avl_interface.sv                                                                          ;
; OneDrive/Documents/385/lab7_2/Color_Mapper.sv                                                                                   ;
; OneDrive/Documents/385/lab7_2/HexDriver.sv                                                                                      ;
; OneDrive/Documents/385/lab7_2/VGA_text_mode_controller_hw.tcl                                                                   ;
; OneDrive/Documents/385/lab7_2/adder2.qsf                                                                                        ;
; OneDrive/Documents/385/lab7_2/assignment_defaults.qdf                                                                           ;
; OneDrive/Documents/385/lab7_2/lab6.sdc                                                                                          ;
; OneDrive/Documents/385/lab7_2/lab62.sv                                                                                          ;
; OneDrive/Documents/385/lab7_2/lab62soc.qsys                                                                                     ;
; OneDrive/Documents/385/lab7_2/lab62soc.sopcinfo                                                                                 ;
; OneDrive/Documents/385/lab7_2/lab62soc/lab62soc.cmp                                                                             ;
; OneDrive/Documents/385/lab7_2/lab62soc/synthesis/lab62soc.debuginfo                                                             ;
; OneDrive/Documents/385/lab7_2/lab62soc/synthesis/lab62soc.qip                                                                   ;
; OneDrive/Documents/385/lab7_2/lab62soc/synthesis/lab62soc.regmap                                                                ;
; OneDrive/Documents/385/lab7_2/lab62soc/synthesis/lab62soc.v                                                                     ;
; OneDrive/Documents/385/lab7_2/lab62soc/synthesis/submodules/altera_avalon_sc_fifo.v                                             ;
; OneDrive/Documents/385/lab7_2/lab62soc/synthesis/submodules/altera_avalon_st_handshake_clock_crosser.sdc                        ;
; OneDrive/Documents/385/lab7_2/lab62soc/synthesis/submodules/altera_avalon_st_pipeline_base.v                                    ;
; OneDrive/Documents/385/lab7_2/lab62soc/synthesis/submodules/altera_avalon_st_pipeline_stage.sv                                  ;
; OneDrive/Documents/385/lab7_2/lab62soc/synthesis/submodules/altera_default_burst_converter.sv                                   ;
; OneDrive/Documents/385/lab7_2/lab62soc/synthesis/submodules/altera_incr_burst_converter.sv                                      ;
; OneDrive/Documents/385/lab7_2/lab62soc/synthesis/submodules/altera_merlin_address_alignment.sv                                  ;
; OneDrive/Documents/385/lab7_2/lab62soc/synthesis/submodules/altera_merlin_arbitrator.sv                                         ;
; OneDrive/Documents/385/lab7_2/lab62soc/synthesis/submodules/altera_merlin_burst_adapter.sv                                      ;
; OneDrive/Documents/385/lab7_2/lab62soc/synthesis/submodules/altera_merlin_burst_adapter_13_1.sv                                 ;
; OneDrive/Documents/385/lab7_2/lab62soc/synthesis/submodules/altera_merlin_burst_adapter_new.sv                                  ;
; OneDrive/Documents/385/lab7_2/lab62soc/synthesis/submodules/altera_merlin_burst_adapter_uncmpr.sv                               ;
; OneDrive/Documents/385/lab7_2/lab62soc/synthesis/submodules/altera_merlin_burst_uncompressor.sv                                 ;
; OneDrive/Documents/385/lab7_2/lab62soc/synthesis/submodules/altera_merlin_master_agent.sv                                       ;
; OneDrive/Documents/385/lab7_2/lab62soc/synthesis/submodules/altera_merlin_master_translator.sv                                  ;
; OneDrive/Documents/385/lab7_2/lab62soc/synthesis/submodules/altera_merlin_slave_agent.sv                                        ;
; OneDrive/Documents/385/lab7_2/lab62soc/synthesis/submodules/altera_merlin_slave_translator.sv                                   ;
; OneDrive/Documents/385/lab7_2/lab62soc/synthesis/submodules/altera_merlin_width_adapter.sv                                      ;
; OneDrive/Documents/385/lab7_2/lab62soc/synthesis/submodules/altera_reset_controller.sdc                                         ;
; OneDrive/Documents/385/lab7_2/lab62soc/synthesis/submodules/altera_reset_controller.v                                           ;
; OneDrive/Documents/385/lab7_2/lab62soc/synthesis/submodules/altera_reset_synchronizer.v                                         ;
; OneDrive/Documents/385/lab7_2/lab62soc/synthesis/submodules/altera_wrap_burst_converter.sv                                      ;
; OneDrive/Documents/385/lab7_2/lab62soc/synthesis/submodules/lab62soc_hex_digits_pio.v                                           ;
; OneDrive/Documents/385/lab7_2/lab62soc/synthesis/submodules/lab62soc_irq_mapper.sv                                              ;
; OneDrive/Documents/385/lab7_2/lab62soc/synthesis/submodules/lab62soc_jtag_uart_0.v                                              ;
; OneDrive/Documents/385/lab7_2/lab62soc/synthesis/submodules/lab62soc_key.v                                                      ;
; OneDrive/Documents/385/lab7_2/lab62soc/synthesis/submodules/lab62soc_keycode.v                                                  ;
; OneDrive/Documents/385/lab7_2/lab62soc/synthesis/submodules/lab62soc_leds_pio.v                                                 ;
; OneDrive/Documents/385/lab7_2/lab62soc/synthesis/submodules/lab62soc_mm_interconnect_0.v                                        ;
; OneDrive/Documents/385/lab7_2/lab62soc/synthesis/submodules/lab62soc_mm_interconnect_0_avalon_st_adapter.v                      ;
; OneDrive/Documents/385/lab7_2/lab62soc/synthesis/submodules/lab62soc_mm_interconnect_0_avalon_st_adapter_005.v                  ;
; OneDrive/Documents/385/lab7_2/lab62soc/synthesis/submodules/lab62soc_mm_interconnect_0_avalon_st_adapter_005_error_adapter_0.sv ;
; OneDrive/Documents/385/lab7_2/lab62soc/synthesis/submodules/lab62soc_mm_interconnect_0_avalon_st_adapter_error_adapter_0.sv     ;
; OneDrive/Documents/385/lab7_2/lab62soc/synthesis/submodules/lab62soc_mm_interconnect_0_cmd_demux.sv                             ;
; OneDrive/Documents/385/lab7_2/lab62soc/synthesis/submodules/lab62soc_mm_interconnect_0_cmd_demux_001.sv                         ;
; OneDrive/Documents/385/lab7_2/lab62soc/synthesis/submodules/lab62soc_mm_interconnect_0_cmd_mux.sv                               ;
; OneDrive/Documents/385/lab7_2/lab62soc/synthesis/submodules/lab62soc_mm_interconnect_0_cmd_mux_001.sv                           ;
; OneDrive/Documents/385/lab7_2/lab62soc/synthesis/submodules/lab62soc_mm_interconnect_0_router.sv                                ;
; OneDrive/Documents/385/lab7_2/lab62soc/synthesis/submodules/lab62soc_mm_interconnect_0_router_001.sv                            ;
; OneDrive/Documents/385/lab7_2/lab62soc/synthesis/submodules/lab62soc_mm_interconnect_0_router_002.sv                            ;
; OneDrive/Documents/385/lab7_2/lab62soc/synthesis/submodules/lab62soc_mm_interconnect_0_router_003.sv                            ;
; OneDrive/Documents/385/lab7_2/lab62soc/synthesis/submodules/lab62soc_mm_interconnect_0_router_007.sv                            ;
; OneDrive/Documents/385/lab7_2/lab62soc/synthesis/submodules/lab62soc_mm_interconnect_0_rsp_demux.sv                             ;
; OneDrive/Documents/385/lab7_2/lab62soc/synthesis/submodules/lab62soc_mm_interconnect_0_rsp_demux_001.sv                         ;
; OneDrive/Documents/385/lab7_2/lab62soc/synthesis/submodules/lab62soc_mm_interconnect_0_rsp_mux.sv                               ;
; OneDrive/Documents/385/lab7_2/lab62soc/synthesis/submodules/lab62soc_mm_interconnect_0_rsp_mux_001.sv                           ;
; OneDrive/Documents/385/lab7_2/lab62soc/synthesis/submodules/lab62soc_nios2_gen2_0.v                                             ;
; OneDrive/Documents/385/lab7_2/lab62soc/synthesis/submodules/lab62soc_nios2_gen2_0_cpu.sdc                                       ;
; OneDrive/Documents/385/lab7_2/lab62soc/synthesis/submodules/lab62soc_nios2_gen2_0_cpu.v                                         ;
; OneDrive/Documents/385/lab7_2/lab62soc/synthesis/submodules/lab62soc_nios2_gen2_0_cpu_debug_slave_sysclk.v                      ;
; OneDrive/Documents/385/lab7_2/lab62soc/synthesis/submodules/lab62soc_nios2_gen2_0_cpu_debug_slave_tck.v                         ;
; OneDrive/Documents/385/lab7_2/lab62soc/synthesis/submodules/lab62soc_nios2_gen2_0_cpu_debug_slave_wrapper.v                     ;
; OneDrive/Documents/385/lab7_2/lab62soc/synthesis/submodules/lab62soc_nios2_gen2_0_cpu_ociram_default_contents.mif               ;
; OneDrive/Documents/385/lab7_2/lab62soc/synthesis/submodules/lab62soc_nios2_gen2_0_cpu_rf_ram_a.mif                              ;
; OneDrive/Documents/385/lab7_2/lab62soc/synthesis/submodules/lab62soc_nios2_gen2_0_cpu_rf_ram_b.mif                              ;
; OneDrive/Documents/385/lab7_2/lab62soc/synthesis/submodules/lab62soc_nios2_gen2_0_cpu_test_bench.v                              ;
; OneDrive/Documents/385/lab7_2/lab62soc/synthesis/submodules/lab62soc_sdram.v                                                    ;
; OneDrive/Documents/385/lab7_2/lab62soc/synthesis/submodules/lab62soc_sdram_pll.v                                                ;
; OneDrive/Documents/385/lab7_2/lab62soc/synthesis/submodules/lab62soc_spi_0.v                                                    ;
; OneDrive/Documents/385/lab7_2/lab62soc/synthesis/submodules/lab62soc_sysid_qsys_0.v                                             ;
; OneDrive/Documents/385/lab7_2/lab62soc/synthesis/submodules/lab62soc_timer_0.v                                                  ;
; OneDrive/Documents/385/lab7_2/lab62soc/synthesis/submodules/lab62soc_usb_gpx.v                                                  ;
; OneDrive/Documents/385/lab7_2/lab62soc/synthesis/submodules/lab62soc_usb_rst.v                                                  ;
; OneDrive/Documents/385/lab7_2/lab62soc/synthesis/submodules/vga_text_avl_interface.sv                                           ;
; OneDrive/Documents/385/lab7_2/lab7_1.qpf                                                                                        ;
; OneDrive/Documents/385/lab7_2/ram.qip                                                                                           ;
; OneDrive/Documents/385/lab7_2/ram.v                                                                                             ;
; OneDrive/Documents/385/lab7_2/ram2.qip                                                                                          ;
; OneDrive/Documents/385/lab7_2/ram2.v                                                                                            ;
; OneDrive/Documents/385/lab7_2/ram2_bb.v                                                                                         ;
; OneDrive/Documents/385/lab7_2/ram_bb.v                                                                                          ;
+---------------------------------------------------------------------------------------------------------------------------------+


+--------------------+
; Files Not Restored ;
+--------------------+
; File Name          ;
+--------------------+


